# JRE version: Java(TM) SE Runtime Environment (17.0.12+8) (build 17.0.12+8-LTS-286)
# Java VM: Java HotSpot(TM) 64-Bit Server VM (17.0.12+8-LTS-286, mixed mode, sharing, tiered, compressed oops, compressed class ptrs, g1 gc, windows-amd64)
GC Precious Log:
 CPUs: 8 total, 8 available
 Memory: 16321M
 Large Page Support: Disabled
 NUMA Support: Disabled
 Compressed Oops: Enabled (32-bit)
 Heap Region Size: 1M
 Heap Min Capacity: 8M
 Heap Initial Capacity: 256M
 Heap Max Capacity: 2G
 Pre-touch: Disabled
 Parallel Workers: 8
 Concurrent Workers: 2
 Concurrent Refinement Workers: 8
 Periodic GC: Disabled
Heap:
 garbage-first heap   total 86016K, used 61768K [0x0000000080000000, 0x0000000100000000)
  region size 1024K, 37 young (37888K), 3 survivors (3072K)
 Metaspace       used 30920K, committed 31360K, reserved 491520K
  class space    used 4337K, committed 4544K, reserved 425984K
GC Heap History (13 events):
Event: 0.290 GC heap before
{Heap before GC invocations=0 (full 0):
 garbage-first heap   total 262144K, used 22528K [0x0000000080000000, 0x0000000100000000)
  region size 1024K, 23 young (23552K), 0 survivors (0K)
 Metaspace       used 1052K, committed 1216K, reserved 491520K
  class space    used 72K, committed 128K, reserved 425984K
}
Event: 0.292 GC heap after
{Heap after GC invocations=1 (full 0):
 garbage-first heap   total 262144K, used 2474K [0x0000000080000000, 0x0000000100000000)
  region size 1024K, 3 young (3072K), 3 survivors (3072K)
 Metaspace       used 1052K, committed 1216K, reserved 491520K
  class space    used 72K, committed 128K, reserved 425984K
}
Event: 0.747 GC heap before
{Heap before GC invocations=1 (full 0):
 garbage-first heap   total 262144K, used 41386K [0x0000000080000000, 0x0000000100000000)
  region size 1024K, 38 young (38912K), 3 survivors (3072K)
 Metaspace       used 4414K, committed 4544K, reserved 491520K
  class space    used 549K, committed 640K, reserved 425984K
}
Event: 0.750 GC heap after
{Heap after GC invocations=2 (full 0):
 garbage-first heap   total 262144K, used 10679K [0x0000000080000000, 0x0000000100000000)
  region size 1024K, 5 young (5120K), 5 survivors (5120K)
 Metaspace       used 4414K, committed 4544K, reserved 491520K
  class space    used 549K, committed 640K, reserved 425984K
}
Event: 1.081 GC heap before
{Heap before GC invocations=2 (full 0):
 garbage-first heap   total 262144K, used 58807K [0x0000000080000000, 0x0000000100000000)
  region size 1024K, 50 young (51200K), 5 survivors (5120K)
 Metaspace       used 4677K, committed 4864K, reserved 491520K
  class space    used 590K, committed 704K, reserved 425984K
}
Event: 1.085 GC heap after
{Heap after GC invocations=3 (full 0):
 garbage-first heap   total 262144K, used 16290K [0x0000000080000000, 0x0000000100000000)
  region size 1024K, 5 young (5120K), 5 survivors (5120K)
 Metaspace       used 4677K, committed 4864K, reserved 491520K
  class space    used 590K, committed 704K, reserved 425984K
}
Event: 2.885 GC heap before
{Heap before GC invocations=3 (full 0):
 garbage-first heap   total 262144K, used 124834K [0x0000000080000000, 0x0000000100000000)
  region size 1024K, 112 young (114688K), 5 survivors (5120K)
 Metaspace       used 21138K, committed 21504K, reserved 491520K
  class space    used 3062K, committed 3264K, reserved 425984K
}
Event: 2.896 GC heap after
{Heap after GC invocations=4 (full 0):
 garbage-first heap   total 262144K, used 23661K [0x0000000080000000, 0x0000000100000000)
  region size 1024K, 12 young (12288K), 12 survivors (12288K)
 Metaspace       used 21138K, committed 21504K, reserved 491520K
  class space    used 3062K, committed 3264K, reserved 425984K
}
Event: 3.452 GC heap before
{Heap before GC invocations=5 (full 0):
 garbage-first heap   total 86016K, used 62573K [0x0000000080000000, 0x0000000100000000)
  region size 1024K, 50 young (51200K), 12 survivors (12288K)
 Metaspace       used 27446K, committed 27840K, reserved 491520K
  class space    used 3876K, committed 4032K, reserved 425984K
}
Event: 3.460 GC heap after
{Heap after GC invocations=6 (full 0):
 garbage-first heap   total 86016K, used 26913K [0x0000000080000000, 0x0000000100000000)
  region size 1024K, 4 young (4096K), 4 survivors (4096K)
 Metaspace       used 27446K, committed 27840K, reserved 491520K
  class space    used 3876K, committed 4032K, reserved 425984K
}
Event: 3.478 GC heap before
{Heap before GC invocations=6 (full 0):
 garbage-first heap   total 86016K, used 27937K [0x0000000080000000, 0x0000000100000000)
  region size 1024K, 5 young (5120K), 4 survivors (4096K)
 Metaspace       used 27702K, committed 28096K, reserved 491520K
  class space    used 3899K, committed 4096K, reserved 425984K
}
Event: 3.480 GC heap after
{Heap after GC invocations=7 (full 0):
 garbage-first heap   total 86016K, used 26952K [0x0000000080000000, 0x0000000100000000)
  region size 1024K, 1 young (1024K), 1 survivors (1024K)
 Metaspace       used 27702K, committed 28096K, reserved 491520K
  class space    used 3899K, committed 4096K, reserved 425984K
}
Event: 3.855 GC heap before
{Heap before GC invocations=7 (full 0):
 garbage-first heap   total 86016K, used 60744K [0x0000000080000000, 0x0000000100000000)
  region size 1024K, 35 young (35840K), 1 survivors (1024K)
 Metaspace       used 30920K, committed 31360K, reserved 491520K
  class space    used 4337K, committed 4544K, reserved 425984K
}

